<?xml version="1.0" encoding="UTF-8"?>
<coverage generated="1651494273006" clover="3.2.0">
  <project timestamp="1651494273006" name="All files">
    <metrics statements="27" coveredstatements="26" conditionals="31" coveredconditionals="25" methods="8" coveredmethods="7" elements="66" coveredelements="58" complexity="0" loc="27" ncloc="27" packages="2" files="3" classes="3"/>
    <package name="src">
      <metrics statements="17" coveredstatements="17" conditionals="19" coveredconditionals="18" methods="5" coveredmethods="5"/>
      <file name="index.js" path="/home/jasmin/frontend-project-lvl2/src/index.js">
        <metrics statements="17" coveredstatements="17" conditionals="19" coveredconditionals="18" methods="5" coveredmethods="5"/>
        <line num="6" count="4" type="stmt"/>
        <line num="7" count="2" type="cond" truecount="3" falsecount="1"/>
        <line num="8" count="2" type="stmt"/>
        <line num="9" count="2" type="stmt"/>
        <line num="10" count="2" type="stmt"/>
        <line num="11" count="2" type="stmt"/>
        <line num="12" count="9" type="stmt"/>
        <line num="13" count="9" type="stmt"/>
        <line num="14" count="9" type="stmt"/>
        <line num="15" count="9" type="cond" truecount="4" falsecount="0"/>
        <line num="16" count="6" type="cond" truecount="4" falsecount="0"/>
        <line num="17" count="4" type="cond" truecount="5" falsecount="0"/>
        <line num="18" count="1" type="stmt"/>
        <line num="20" count="3" type="stmt"/>
        <line num="22" count="9" type="stmt"/>
        <line num="24" count="12" type="stmt"/>
        <line num="25" count="2" type="stmt"/>
      </file>
    </package>
    <package name="src.data">
      <metrics statements="10" coveredstatements="9" conditionals="12" coveredconditionals="7" methods="3" coveredmethods="2"/>
      <file name="filePath.js" path="/home/jasmin/frontend-project-lvl2/src/data/filePath.js">
        <metrics statements="4" coveredstatements="4" conditionals="4" coveredconditionals="1" methods="2" coveredmethods="1"/>
        <line num="5" count="1" type="stmt"/>
        <line num="6" count="1" type="stmt"/>
        <line num="8" count="4" type="cond" truecount="1" falsecount="1"/>
        <line num="9" count="1" type="cond" truecount="0" falsecount="2"/>
      </file>
      <file name="parsers.js" path="/home/jasmin/frontend-project-lvl2/src/data/parsers.js">
        <metrics statements="6" coveredstatements="5" conditionals="8" coveredconditionals="6" methods="1" coveredmethods="1"/>
        <line num="6" count="4" type="cond" truecount="1" falsecount="1"/>
        <line num="7" count="4" type="stmt"/>
        <line num="8" count="4" type="stmt"/>
        <line num="9" count="4" type="cond" truecount="2" falsecount="0"/>
        <line num="10" count="2" type="cond" truecount="3" falsecount="1"/>
        <line num="11" count="0" type="stmt"/>
      </file>
    </package>
  </project>
</coverage>
