{"/home/jasmin/frontend-project-lvl2/src/index.js": {"path":"/home/jasmin/frontend-project-lvl2/src/index.js","statementMap":{"0":{"start":{"line":6,"column":25},"end":{"line":6,"column":99}},"1":{"start":{"line":6,"column":62},"end":{"line":6,"column":98}},"2":{"start":{"line":7,"column":2},"end":{"line":7,"column":36}},"3":{"start":{"line":7,"column":24},"end":{"line":7,"column":36}},"4":{"start":{"line":8,"column":33},"end":{"line":8,"column":73}},"5":{"start":{"line":9,"column":19},"end":{"line":9,"column":63}},"6":{"start":{"line":10,"column":24},"end":{"line":10,"column":50}},"7":{"start":{"line":11,"column":16},"end":{"line":23,"column":11}},"8":{"start":{"line":12,"column":24},"end":{"line":21,"column":5}},"9":{"start":{"line":13,"column":25},"end":{"line":13,"column":46}},"10":{"start":{"line":14,"column":25},"end":{"line":14,"column":46}},"11":{"start":{"line":15,"column":6},"end":{"line":15,"column":99}},"12":{"start":{"line":15,"column":37},"end":{"line":15,"column":99}},"13":{"start":{"line":16,"column":6},"end":{"line":16,"column":99}},"14":{"start":{"line":16,"column":37},"end":{"line":16,"column":99}},"15":{"start":{"line":17,"column":6},"end":{"line":19,"column":7}},"16":{"start":{"line":18,"column":8},"end":{"line":18,"column":70}},"17":{"start":{"line":20,"column":6},"end":{"line":20,"column":122}},"18":{"start":{"line":22,"column":4},"end":{"line":22,"column":28}},"19":{"start":{"line":24,"column":23},"end":{"line":24,"column":87}},"20":{"start":{"line":24,"column":43},"end":{"line":24,"column":86}},"21":{"start":{"line":25,"column":2},"end":{"line":25,"column":48}}},"fnMap":{"0":{"name":"(anonymous_0)","decl":{"start":{"line":5,"column":15},"end":{"line":5,"column":16}},"loc":{"start":{"line":5,"column":72},"end":{"line":26,"column":1}},"line":5},"1":{"name":"(anonymous_1)","decl":{"start":{"line":6,"column":52},"end":{"line":6,"column":53}},"loc":{"start":{"line":6,"column":62},"end":{"line":6,"column":98}},"line":6},"2":{"name":"(anonymous_2)","decl":{"start":{"line":11,"column":29},"end":{"line":11,"column":30}},"loc":{"start":{"line":11,"column":38},"end":{"line":23,"column":3}},"line":11},"3":{"name":"(anonymous_3)","decl":{"start":{"line":12,"column":24},"end":{"line":12,"column":25}},"loc":{"start":{"line":12,"column":37},"end":{"line":21,"column":5}},"line":12},"4":{"name":"(anonymous_4)","decl":{"start":{"line":24,"column":33},"end":{"line":24,"column":34}},"loc":{"start":{"line":24,"column":43},"end":{"line":24,"column":86}},"line":24}},"branchMap":{"0":{"loc":{"start":{"line":5,"column":38},"end":{"line":5,"column":50}},"type":"default-arg","locations":[{"start":{"line":5,"column":47},"end":{"line":5,"column":50}}],"line":5},"1":{"loc":{"start":{"line":5,"column":52},"end":{"line":5,"column":67}},"type":"default-arg","locations":[{"start":{"line":5,"column":66},"end":{"line":5,"column":67}}],"line":5},"2":{"loc":{"start":{"line":7,"column":2},"end":{"line":7,"column":36}},"type":"if","locations":[{"start":{"line":7,"column":2},"end":{"line":7,"column":36}},{"start":{},"end":{}}],"line":7},"3":{"loc":{"start":{"line":7,"column":6},"end":{"line":7,"column":22}},"type":"binary-expr","locations":[{"start":{"line":7,"column":6},"end":{"line":7,"column":12}},{"start":{"line":7,"column":16},"end":{"line":7,"column":22}}],"line":7},"4":{"loc":{"start":{"line":15,"column":6},"end":{"line":15,"column":99}},"type":"if","locations":[{"start":{"line":15,"column":6},"end":{"line":15,"column":99}},{"start":{},"end":{}}],"line":15},"5":{"loc":{"start":{"line":15,"column":10},"end":{"line":15,"column":35}},"type":"binary-expr","locations":[{"start":{"line":15,"column":10},"end":{"line":15,"column":20}},{"start":{"line":15,"column":24},"end":{"line":15,"column":35}}],"line":15},"6":{"loc":{"start":{"line":16,"column":6},"end":{"line":16,"column":99}},"type":"if","locations":[{"start":{"line":16,"column":6},"end":{"line":16,"column":99}},{"start":{},"end":{}}],"line":16},"7":{"loc":{"start":{"line":16,"column":10},"end":{"line":16,"column":35}},"type":"binary-expr","locations":[{"start":{"line":16,"column":10},"end":{"line":16,"column":20}},{"start":{"line":16,"column":24},"end":{"line":16,"column":35}}],"line":16},"8":{"loc":{"start":{"line":17,"column":6},"end":{"line":19,"column":7}},"type":"if","locations":[{"start":{"line":17,"column":6},"end":{"line":19,"column":7}},{"start":{},"end":{}}],"line":17},"9":{"loc":{"start":{"line":17,"column":10},"end":{"line":17,"column":71}},"type":"binary-expr","locations":[{"start":{"line":17,"column":10},"end":{"line":17,"column":20}},{"start":{"line":17,"column":24},"end":{"line":17,"column":34}},{"start":{"line":17,"column":38},"end":{"line":17,"column":71}}],"line":17}},"s":{"0":2,"1":4,"2":2,"3":0,"4":2,"5":2,"6":2,"7":2,"8":10,"9":10,"10":10,"11":10,"12":4,"13":6,"14":2,"15":4,"16":2,"17":2,"18":10,"19":2,"20":12,"21":2},"f":{"0":2,"1":4,"2":10,"3":10,"4":12},"b":{"0":[2],"1":[2],"2":[0,2],"3":[2,2],"4":[4,6],"5":[10,8],"6":[2,4],"7":[6,6],"8":[2,2],"9":[4,4,4]},"_coverageSchema":"1a1c01bbd47fc00a2c39e90264f33305004495a9","hash":"d175c68c1be8185faa588beb663406dd2c6be856"}
,"/home/jasmin/frontend-project-lvl2/src/data/filePath.js": {"path":"/home/jasmin/frontend-project-lvl2/src/data/filePath.js","statementMap":{"0":{"start":{"line":5,"column":19},"end":{"line":5,"column":49}},"1":{"start":{"line":6,"column":18},"end":{"line":6,"column":42}},"2":{"start":{"line":8,"column":28},"end":{"line":8,"column":92}},"3":{"start":{"line":8,"column":40},"end":{"line":8,"column":91}},"4":{"start":{"line":9,"column":30},"end":{"line":9,"column":112}},"5":{"start":{"line":9,"column":42},"end":{"line":9,"column":111}}},"fnMap":{"0":{"name":"(anonymous_0)","decl":{"start":{"line":8,"column":28},"end":{"line":8,"column":29}},"loc":{"start":{"line":8,"column":40},"end":{"line":8,"column":91}},"line":8},"1":{"name":"(anonymous_1)","decl":{"start":{"line":9,"column":30},"end":{"line":9,"column":31}},"loc":{"start":{"line":9,"column":42},"end":{"line":9,"column":111}},"line":9}},"branchMap":{"0":{"loc":{"start":{"line":8,"column":40},"end":{"line":8,"column":91}},"type":"cond-expr","locations":[{"start":{"line":8,"column":50},"end":{"line":8,"column":84}},{"start":{"line":8,"column":87},"end":{"line":8,"column":91}}],"line":8},"1":{"loc":{"start":{"line":9,"column":42},"end":{"line":9,"column":111}},"type":"cond-expr","locations":[{"start":{"line":9,"column":52},"end":{"line":9,"column":104}},{"start":{"line":9,"column":107},"end":{"line":9,"column":111}}],"line":9}},"s":{"0":1,"1":1,"2":1,"3":4,"4":1,"5":0},"f":{"0":4,"1":0},"b":{"0":[4,0],"1":[0,0]},"_coverageSchema":"1a1c01bbd47fc00a2c39e90264f33305004495a9","hash":"11d97488ef2fc7441e112f0763217776ffbf3b31"}
,"/home/jasmin/frontend-project-lvl2/src/data/parsers.js": {"path":"/home/jasmin/frontend-project-lvl2/src/data/parsers.js","statementMap":{"0":{"start":{"line":6,"column":2},"end":{"line":6,"column":29}},"1":{"start":{"line":6,"column":17},"end":{"line":6,"column":29}},"2":{"start":{"line":7,"column":19},"end":{"line":7,"column":53}},"3":{"start":{"line":8,"column":18},"end":{"line":8,"column":40}},"4":{"start":{"line":9,"column":2},"end":{"line":9,"column":55}},"5":{"start":{"line":9,"column":27},"end":{"line":9,"column":55}},"6":{"start":{"line":10,"column":2},"end":{"line":10,"column":76}},"7":{"start":{"line":10,"column":49},"end":{"line":10,"column":76}},"8":{"start":{"line":11,"column":2},"end":{"line":11,"column":14}}},"fnMap":{"0":{"name":"(anonymous_0)","decl":{"start":{"line":5,"column":15},"end":{"line":5,"column":16}},"loc":{"start":{"line":5,"column":29},"end":{"line":12,"column":1}},"line":5}},"branchMap":{"0":{"loc":{"start":{"line":6,"column":2},"end":{"line":6,"column":29}},"type":"if","locations":[{"start":{"line":6,"column":2},"end":{"line":6,"column":29}},{"start":{},"end":{}}],"line":6},"1":{"loc":{"start":{"line":9,"column":2},"end":{"line":9,"column":55}},"type":"if","locations":[{"start":{"line":9,"column":2},"end":{"line":9,"column":55}},{"start":{},"end":{}}],"line":9},"2":{"loc":{"start":{"line":10,"column":2},"end":{"line":10,"column":76}},"type":"if","locations":[{"start":{"line":10,"column":2},"end":{"line":10,"column":76}},{"start":{},"end":{}}],"line":10},"3":{"loc":{"start":{"line":10,"column":6},"end":{"line":10,"column":47}},"type":"binary-expr","locations":[{"start":{"line":10,"column":6},"end":{"line":10,"column":25}},{"start":{"line":10,"column":29},"end":{"line":10,"column":47}}],"line":10}},"s":{"0":4,"1":0,"2":4,"3":4,"4":4,"5":2,"6":2,"7":2,"8":0},"f":{"0":4},"b":{"0":[0,4],"1":[2,2],"2":[2,0],"3":[2,2]},"_coverageSchema":"1a1c01bbd47fc00a2c39e90264f33305004495a9","hash":"294223a732662b059c9d22c944eb4050395268e9"}
}
