TN:
SF:src/index.js
FN:5,(anonymous_0)
FN:6,(anonymous_1)
FN:11,(anonymous_2)
FN:12,(anonymous_3)
FN:24,(anonymous_4)
FNF:5
FNH:5
FNDA:2,(anonymous_0)
FNDA:4,(anonymous_1)
FNDA:9,(anonymous_2)
FNDA:9,(anonymous_3)
FNDA:12,(anonymous_4)
DA:6,4
DA:7,2
DA:8,2
DA:9,2
DA:10,2
DA:11,2
DA:12,9
DA:13,9
DA:14,9
DA:15,9
DA:16,6
DA:17,4
DA:18,1
DA:20,3
DA:22,9
DA:24,12
DA:25,2
LF:17
LH:17
BRDA:5,0,0,2
BRDA:5,1,0,2
BRDA:7,2,0,0
BRDA:7,2,1,2
BRDA:7,3,0,2
BRDA:7,3,1,2
BRDA:15,4,0,3
BRDA:15,4,1,6
BRDA:15,5,0,9
BRDA:15,5,1,7
BRDA:16,6,0,2
BRDA:16,6,1,4
BRDA:16,7,0,6
BRDA:16,7,1,6
BRDA:17,8,0,1
BRDA:17,8,1,3
BRDA:17,9,0,4
BRDA:17,9,1,4
BRDA:17,9,2,4
BRF:19
BRH:18
end_of_record
TN:
SF:src/data/filePath.js
FN:8,(anonymous_0)
FN:9,(anonymous_1)
FNF:2
FNH:1
FNDA:4,(anonymous_0)
FNDA:0,(anonymous_1)
DA:5,1
DA:6,1
DA:8,4
DA:9,1
LF:4
LH:4
BRDA:8,0,0,4
BRDA:8,0,1,0
BRDA:9,1,0,0
BRDA:9,1,1,0
BRF:4
BRH:1
end_of_record
TN:
SF:src/data/parsers.js
FN:5,(anonymous_0)
FNF:1
FNH:1
FNDA:4,(anonymous_0)
DA:6,4
DA:7,4
DA:8,4
DA:9,4
DA:10,2
DA:11,0
LF:6
LH:5
BRDA:6,0,0,0
BRDA:6,0,1,4
BRDA:9,1,0,2
BRDA:9,1,1,2
BRDA:10,2,0,2
BRDA:10,2,1,0
BRDA:10,3,0,2
BRDA:10,3,1,2
BRF:8
BRH:6
end_of_record
